<?xml version="1.0" encoding="UTF-8"?>
<testsuite name="org.example.springboot.web.dto.HelloRespoinseDtoTest" tests="1" skipped="0" failures="0" errors="0" timestamp="2021-07-07T07:23:40" hostname="jeon-yonghoui-MacBook-Pro.local" time="0.08">
  <properties/>
  <testcase name="롬복_기능_테스트()" classname="org.example.springboot.web.dto.HelloRespoinseDtoTest" time="0.08"/>
  <system-out><![CDATA[]]></system-out>
  <system-err><![CDATA[]]></system-err>
</testsuite>
