<?xml version="1.0" encoding="UTF-8"?>
<testsuite name="org.example.springboot.web.IndexControllerTest" tests="1" skipped="0" failures="0" errors="0" timestamp="2021-07-07T07:23:50" hostname="jeon-yonghoui-MacBook-Pro.local" time="0.279">
  <properties/>
  <testcase name="메인페이지_로딩()" classname="org.example.springboot.web.IndexControllerTest" time="0.279"/>
  <system-out><![CDATA[2021-07-07 16:23:44.903  INFO 40051 --- [    Test worker] .b.t.c.SpringBootTestContextBootstrapper : Neither @ContextConfiguration nor @ContextHierarchy found for test class [org.example.springboot.web.IndexControllerTest], using SpringBootContextLoader
2021-07-07 16:23:44.903  INFO 40051 --- [    Test worker] o.s.t.c.support.AbstractContextLoader    : Could not detect default resource locations for test class [org.example.springboot.web.IndexControllerTest]: no resource found for suffixes {-context.xml, Context.groovy}.
2021-07-07 16:23:44.904  INFO 40051 --- [    Test worker] t.c.s.AnnotationConfigContextLoaderUtils : Could not detect default configuration classes for test class [org.example.springboot.web.IndexControllerTest]: IndexControllerTest does not declare any static, non-private, non-final, nested classes annotated with @Configuration.
2021-07-07 16:23:44.907  INFO 40051 --- [    Test worker] .b.t.c.SpringBootTestContextBootstrapper : Found @SpringBootConfiguration org.example.springboot.Application for test class org.example.springboot.web.IndexControllerTest
2021-07-07 16:23:44.912  INFO 40051 --- [    Test worker] .b.t.c.SpringBootTestContextBootstrapper : Loaded default TestExecutionListener class names from location [META-INF/spring.factories]: [org.springframework.security.test.context.support.WithSecurityContextTestExecutionListener, org.springframework.security.test.context.support.ReactorContextTestExecutionListener, org.springframework.boot.test.autoconfigure.restdocs.RestDocsTestExecutionListener, org.springframework.boot.test.autoconfigure.web.client.MockRestServiceServerResetTestExecutionListener, org.springframework.boot.test.autoconfigure.web.servlet.MockMvcPrintOnlyOnFailureTestExecutionListener, org.springframework.boot.test.autoconfigure.web.servlet.WebDriverTestExecutionListener, org.springframework.boot.test.autoconfigure.webservices.client.MockWebServiceServerTestExecutionListener, org.springframework.boot.test.mock.mockito.MockitoTestExecutionListener, org.springframework.boot.test.mock.mockito.ResetMocksTestExecutionListener, org.springframework.test.context.web.ServletTestExecutionListener, org.springframework.test.context.support.DirtiesContextBeforeModesTestExecutionListener, org.springframework.test.context.support.DependencyInjectionTestExecutionListener, org.springframework.test.context.support.DirtiesContextTestExecutionListener, org.springframework.test.context.transaction.TransactionalTestExecutionListener, org.springframework.test.context.jdbc.SqlScriptsTestExecutionListener, org.springframework.test.context.event.EventPublishingTestExecutionListener]
2021-07-07 16:23:44.913  INFO 40051 --- [    Test worker] .b.t.c.SpringBootTestContextBootstrapper : Using TestExecutionListeners: [org.springframework.test.context.web.ServletTestExecutionListener@1c57cafe, org.springframework.test.context.support.DirtiesContextBeforeModesTestExecutionListener@6ce052a7, org.springframework.boot.test.mock.mockito.MockitoTestExecutionListener@37c9797b, org.springframework.boot.test.autoconfigure.SpringBootDependencyInjectionTestExecutionListener@3cca9648, org.springframework.test.context.support.DirtiesContextTestExecutionListener@1e68bb15, org.springframework.test.context.transaction.TransactionalTestExecutionListener@70f3a715, org.springframework.test.context.jdbc.SqlScriptsTestExecutionListener@c0d1ad1, org.springframework.security.test.context.support.WithSecurityContextTestExecutionListener@649db5ce, org.springframework.test.context.event.EventPublishingTestExecutionListener@3f760a5b, org.springframework.security.test.context.support.ReactorContextTestExecutionListener@52d0d9af, org.springframework.boot.test.autoconfigure.restdocs.RestDocsTestExecutionListener@366f8ab6, org.springframework.boot.test.autoconfigure.web.client.MockRestServiceServerResetTestExecutionListener@3f556a70, org.springframework.boot.test.autoconfigure.web.servlet.MockMvcPrintOnlyOnFailureTestExecutionListener@307e8b13, org.springframework.boot.test.autoconfigure.web.servlet.WebDriverTestExecutionListener@64372112, org.springframework.boot.test.autoconfigure.webservices.client.MockWebServiceServerTestExecutionListener@2ec73d18, org.springframework.boot.test.mock.mockito.ResetMocksTestExecutionListener@3ad5d45a]

  .   ____          _            __ _ _
 /\\ / ___'_ __ _ _(_)_ __  __ _ \ \ \ \
( ( )\___ | '_ | '_| | '_ \/ _` | \ \ \ \
 \\/  ___)| |_)| | | | | || (_| |  ) ) ) )
  '  |____| .__|_| |_|_| |_\__, | / / / /
 =========|_|==============|___/=/_/_/_/
 :: Spring Boot ::                (v2.4.1)

2021-07-07 16:23:44.953  INFO 40051 --- [    Test worker] o.e.springboot.web.IndexControllerTest   : Starting IndexControllerTest using Java 1.8.0_282 on jeon-yonghoui-MacBook-Pro.local with PID 40051 (started by jeon-yongho in /Users/jeon-yongho/Desktop/springboot-webservice)
2021-07-07 16:23:44.954  INFO 40051 --- [    Test worker] o.e.springboot.web.IndexControllerTest   : No active profile set, falling back to default profiles: default
2021-07-07 16:23:45.403  INFO 40051 --- [    Test worker] .s.d.r.c.RepositoryConfigurationDelegate : Bootstrapping Spring Data JPA repositories in DEFAULT mode.
2021-07-07 16:23:45.483  INFO 40051 --- [    Test worker] .s.d.r.c.RepositoryConfigurationDelegate : Finished Spring Data repository scanning in 63 ms. Found 2 JPA repository interfaces.
2021-07-07 16:23:46.128  INFO 40051 --- [    Test worker] o.s.b.w.embedded.tomcat.TomcatWebServer  : Tomcat initialized with port(s): 0 (http)
2021-07-07 16:23:46.144  INFO 40051 --- [    Test worker] o.apache.catalina.core.StandardService   : Starting service [Tomcat]
2021-07-07 16:23:46.145  INFO 40051 --- [    Test worker] org.apache.catalina.core.StandardEngine  : Starting Servlet engine: [Apache Tomcat/9.0.41]
2021-07-07 16:23:46.267  INFO 40051 --- [    Test worker] o.a.c.c.C.[Tomcat].[localhost].[/]       : Initializing Spring embedded WebApplicationContext
2021-07-07 16:23:46.268  INFO 40051 --- [    Test worker] w.s.c.ServletWebServerApplicationContext : Root WebApplicationContext: initialization completed in 1309 ms
2021-07-07 16:23:46.360  INFO 40051 --- [    Test worker] com.zaxxer.hikari.HikariDataSource       : HikariPool-1 - Starting...
2021-07-07 16:23:46.663  INFO 40051 --- [    Test worker] com.zaxxer.hikari.HikariDataSource       : HikariPool-1 - Start completed.
2021-07-07 16:23:46.673  INFO 40051 --- [    Test worker] o.s.b.a.h2.H2ConsoleAutoConfiguration    : H2 console available at '/h2-console'. Database available at 'jdbc:h2:mem:testdb'
2021-07-07 16:23:47.093  INFO 40051 --- [    Test worker] o.hibernate.jpa.internal.util.LogHelper  : HHH000204: Processing PersistenceUnitInfo [name: default]
2021-07-07 16:23:47.210  INFO 40051 --- [    Test worker] org.hibernate.Version                    : HHH000412: Hibernate ORM core version 5.4.25.Final
2021-07-07 16:23:47.309  INFO 40051 --- [    Test worker] o.hibernate.annotations.common.Version   : HCANN000001: Hibernate Commons Annotations {5.1.2.Final}
2021-07-07 16:23:47.521  INFO 40051 --- [    Test worker] org.hibernate.dialect.Dialect            : HHH000400: Using dialect: org.hibernate.dialect.MySQL57Dialect
Hibernate: drop table if exists posts
Hibernate: drop table if exists user
Hibernate: create table posts (id bigint not null auto_increment, created_date datetime(6), modified_date datetime(6), author varchar(255), content TEXT not null, title varchar(500) not null, primary key (id)) engine=InnoDB
Hibernate: create table user (id bigint not null auto_increment, email varchar(255) not null, name varchar(255) not null, picture varchar(255), role varchar(255) not null, primary key (id)) engine=InnoDB
2021-07-07 16:23:48.748  INFO 40051 --- [    Test worker] o.h.e.t.j.p.i.JtaPlatformInitiator       : HHH000490: Using JtaPlatform implementation: [org.hibernate.engine.transaction.jta.platform.internal.NoJtaPlatform]
2021-07-07 16:23:48.760  INFO 40051 --- [    Test worker] j.LocalContainerEntityManagerFactoryBean : Initialized JPA EntityManagerFactory for persistence unit 'default'
2021-07-07 16:23:49.607  WARN 40051 --- [    Test worker] JpaBaseConfiguration$JpaWebConfiguration : spring.jpa.open-in-view is enabled by default. Therefore, database queries may be performed during view rendering. Explicitly configure spring.jpa.open-in-view to disable this warning
2021-07-07 16:23:50.134  INFO 40051 --- [    Test worker] o.s.s.web.DefaultSecurityFilterChain     : Will secure any request with [org.springframework.security.web.context.request.async.WebAsyncManagerIntegrationFilter@71c5165c, org.springframework.security.web.context.SecurityContextPersistenceFilter@7a1f76a3, org.springframework.security.web.header.HeaderWriterFilter@22e5c5b9, org.springframework.security.web.authentication.logout.LogoutFilter@62b3b55e, org.springframework.security.oauth2.client.web.OAuth2AuthorizationRequestRedirectFilter@3681c03e, org.springframework.security.oauth2.client.web.OAuth2LoginAuthenticationFilter@49fd396, org.springframework.security.web.authentication.ui.DefaultLoginPageGeneratingFilter@5eab78c0, org.springframework.security.web.authentication.ui.DefaultLogoutPageGeneratingFilter@4710787a, org.springframework.security.web.savedrequest.RequestCacheAwareFilter@15f51f61, org.springframework.security.web.servletapi.SecurityContextHolderAwareRequestFilter@1931c86b, org.springframework.security.web.authentication.AnonymousAuthenticationFilter@7fa8d096, org.springframework.security.web.session.SessionManagementFilter@10eae6f3, org.springframework.security.web.access.ExceptionTranslationFilter@3c9a73e2, org.springframework.security.web.access.intercept.FilterSecurityInterceptor@693beb1d]
2021-07-07 16:23:50.293  INFO 40051 --- [    Test worker] o.s.s.concurrent.ThreadPoolTaskExecutor  : Initializing ExecutorService 'applicationTaskExecutor'
2021-07-07 16:23:50.339  INFO 40051 --- [    Test worker] o.s.b.a.w.s.WelcomePageHandlerMapping    : Adding welcome page template: index
2021-07-07 16:23:50.704  INFO 40051 --- [    Test worker] o.s.b.w.embedded.tomcat.TomcatWebServer  : Tomcat started on port(s): 51627 (http) with context path ''
2021-07-07 16:23:50.722  INFO 40051 --- [    Test worker] s.a.ScheduledAnnotationBeanPostProcessor : No TaskScheduler/ScheduledExecutorService bean found for scheduled processing
2021-07-07 16:23:50.730  INFO 40051 --- [    Test worker] o.e.springboot.web.IndexControllerTest   : Started IndexControllerTest in 5.815 seconds (JVM running for 11.519)
2021-07-07 16:23:50.872  INFO 40051 --- [o-auto-1-exec-1] o.a.c.c.C.[Tomcat].[localhost].[/]       : Initializing Spring DispatcherServlet 'dispatcherServlet'
2021-07-07 16:23:50.873  INFO 40051 --- [o-auto-1-exec-1] o.s.web.servlet.DispatcherServlet        : Initializing Servlet 'dispatcherServlet'
2021-07-07 16:23:50.874  INFO 40051 --- [o-auto-1-exec-1] o.s.web.servlet.DispatcherServlet        : Completed initialization in 1 ms
Hibernate: select posts0_.id as id1_0_, posts0_.created_date as created_2_0_, posts0_.modified_date as modified3_0_, posts0_.author as author4_0_, posts0_.content as content5_0_, posts0_.title as title6_0_ from posts posts0_ order by posts0_.id DESC
]]></system-out>
  <system-err><![CDATA[]]></system-err>
</testsuite>
