<?xml version="1.0" encoding="UTF-8"?>
<testsuite name="org.example.springboot.domain.posts.PostsRepositoryTest" tests="2" skipped="0" failures="0" errors="0" timestamp="2021-07-07T07:23:53" hostname="jeon-yonghoui-MacBook-Pro.local" time="0.04">
  <properties/>
  <testcase name="게시글저장_불러오기()" classname="org.example.springboot.domain.posts.PostsRepositoryTest" time="0.024"/>
  <testcase name="BaseTimeEntity_등록()" classname="org.example.springboot.domain.posts.PostsRepositoryTest" time="0.015"/>
  <system-out><![CDATA[2021-07-07 16:23:51.355  INFO 40051 --- [    Test worker] .b.t.c.SpringBootTestContextBootstrapper : Neither @ContextConfiguration nor @ContextHierarchy found for test class [org.example.springboot.domain.posts.PostsRepositoryTest], using SpringBootContextLoader
2021-07-07 16:23:51.356  INFO 40051 --- [    Test worker] o.s.t.c.support.AbstractContextLoader    : Could not detect default resource locations for test class [org.example.springboot.domain.posts.PostsRepositoryTest]: no resource found for suffixes {-context.xml, Context.groovy}.
2021-07-07 16:23:51.356  INFO 40051 --- [    Test worker] t.c.s.AnnotationConfigContextLoaderUtils : Could not detect default configuration classes for test class [org.example.springboot.domain.posts.PostsRepositoryTest]: PostsRepositoryTest does not declare any static, non-private, non-final, nested classes annotated with @Configuration.
2021-07-07 16:23:51.365  INFO 40051 --- [    Test worker] .b.t.c.SpringBootTestContextBootstrapper : Found @SpringBootConfiguration org.example.springboot.Application for test class org.example.springboot.domain.posts.PostsRepositoryTest
2021-07-07 16:23:51.369  INFO 40051 --- [    Test worker] .b.t.c.SpringBootTestContextBootstrapper : Loaded default TestExecutionListener class names from location [META-INF/spring.factories]: [org.springframework.security.test.context.support.WithSecurityContextTestExecutionListener, org.springframework.security.test.context.support.ReactorContextTestExecutionListener, org.springframework.boot.test.autoconfigure.restdocs.RestDocsTestExecutionListener, org.springframework.boot.test.autoconfigure.web.client.MockRestServiceServerResetTestExecutionListener, org.springframework.boot.test.autoconfigure.web.servlet.MockMvcPrintOnlyOnFailureTestExecutionListener, org.springframework.boot.test.autoconfigure.web.servlet.WebDriverTestExecutionListener, org.springframework.boot.test.autoconfigure.webservices.client.MockWebServiceServerTestExecutionListener, org.springframework.boot.test.mock.mockito.MockitoTestExecutionListener, org.springframework.boot.test.mock.mockito.ResetMocksTestExecutionListener, org.springframework.test.context.web.ServletTestExecutionListener, org.springframework.test.context.support.DirtiesContextBeforeModesTestExecutionListener, org.springframework.test.context.support.DependencyInjectionTestExecutionListener, org.springframework.test.context.support.DirtiesContextTestExecutionListener, org.springframework.test.context.transaction.TransactionalTestExecutionListener, org.springframework.test.context.jdbc.SqlScriptsTestExecutionListener, org.springframework.test.context.event.EventPublishingTestExecutionListener]
2021-07-07 16:23:51.371  INFO 40051 --- [    Test worker] .b.t.c.SpringBootTestContextBootstrapper : Using TestExecutionListeners: [org.springframework.test.context.web.ServletTestExecutionListener@5d5c7e0, org.springframework.test.context.support.DirtiesContextBeforeModesTestExecutionListener@7a7f1f42, org.springframework.boot.test.mock.mockito.MockitoTestExecutionListener@126e7df2, org.springframework.boot.test.autoconfigure.SpringBootDependencyInjectionTestExecutionListener@1f25623d, org.springframework.test.context.support.DirtiesContextTestExecutionListener@34644cfe, org.springframework.test.context.transaction.TransactionalTestExecutionListener@36e3d03f, org.springframework.test.context.jdbc.SqlScriptsTestExecutionListener@5703aafc, org.springframework.security.test.context.support.WithSecurityContextTestExecutionListener@63030eab, org.springframework.test.context.event.EventPublishingTestExecutionListener@7596ad89, org.springframework.security.test.context.support.ReactorContextTestExecutionListener@5d5ce92c, org.springframework.boot.test.autoconfigure.restdocs.RestDocsTestExecutionListener@17c2ec31, org.springframework.boot.test.autoconfigure.web.client.MockRestServiceServerResetTestExecutionListener@6c4fce34, org.springframework.boot.test.autoconfigure.web.servlet.MockMvcPrintOnlyOnFailureTestExecutionListener@2c75ccd1, org.springframework.boot.test.autoconfigure.web.servlet.WebDriverTestExecutionListener@165a55fa, org.springframework.boot.test.autoconfigure.webservices.client.MockWebServiceServerTestExecutionListener@16f99064, org.springframework.boot.test.mock.mockito.ResetMocksTestExecutionListener@455c2e1]

  .   ____          _            __ _ _
 /\\ / ___'_ __ _ _(_)_ __  __ _ \ \ \ \
( ( )\___ | '_ | '_| | '_ \/ _` | \ \ \ \
 \\/  ___)| |_)| | | | | || (_| |  ) ) ) )
  '  |____| .__|_| |_|_| |_\__, | / / / /
 =========|_|==============|___/=/_/_/_/
 :: Spring Boot ::                (v2.4.1)

2021-07-07 16:23:51.485  INFO 40051 --- [    Test worker] o.e.s.domain.posts.PostsRepositoryTest   : Starting PostsRepositoryTest using Java 1.8.0_282 on jeon-yonghoui-MacBook-Pro.local with PID 40051 (started by jeon-yongho in /Users/jeon-yongho/Desktop/springboot-webservice)
2021-07-07 16:23:51.485  INFO 40051 --- [    Test worker] o.e.s.domain.posts.PostsRepositoryTest   : No active profile set, falling back to default profiles: default
2021-07-07 16:23:51.744  INFO 40051 --- [    Test worker] .s.d.r.c.RepositoryConfigurationDelegate : Bootstrapping Spring Data JPA repositories in DEFAULT mode.
2021-07-07 16:23:51.766  INFO 40051 --- [    Test worker] .s.d.r.c.RepositoryConfigurationDelegate : Finished Spring Data repository scanning in 21 ms. Found 2 JPA repository interfaces.
2021-07-07 16:23:51.987  INFO 40051 --- [    Test worker] com.zaxxer.hikari.HikariDataSource       : HikariPool-2 - Starting...
2021-07-07 16:23:51.988  INFO 40051 --- [    Test worker] com.zaxxer.hikari.HikariDataSource       : HikariPool-2 - Start completed.
2021-07-07 16:23:52.009  INFO 40051 --- [    Test worker] o.hibernate.jpa.internal.util.LogHelper  : HHH000204: Processing PersistenceUnitInfo [name: default]
2021-07-07 16:23:52.014  INFO 40051 --- [    Test worker] org.hibernate.dialect.Dialect            : HHH000400: Using dialect: org.hibernate.dialect.MySQL57Dialect
Hibernate: drop table if exists posts
Hibernate: drop table if exists user
Hibernate: create table posts (id bigint not null auto_increment, created_date datetime(6), modified_date datetime(6), author varchar(255), content TEXT not null, title varchar(500) not null, primary key (id)) engine=InnoDB
Hibernate: create table user (id bigint not null auto_increment, email varchar(255) not null, name varchar(255) not null, picture varchar(255), role varchar(255) not null, primary key (id)) engine=InnoDB
2021-07-07 16:23:52.081  INFO 40051 --- [    Test worker] o.h.e.t.j.p.i.JtaPlatformInitiator       : HHH000490: Using JtaPlatform implementation: [org.hibernate.engine.transaction.jta.platform.internal.NoJtaPlatform]
2021-07-07 16:23:52.082  INFO 40051 --- [    Test worker] j.LocalContainerEntityManagerFactoryBean : Initialized JPA EntityManagerFactory for persistence unit 'default'
2021-07-07 16:23:52.268  WARN 40051 --- [    Test worker] JpaBaseConfiguration$JpaWebConfiguration : spring.jpa.open-in-view is enabled by default. Therefore, database queries may be performed during view rendering. Explicitly configure spring.jpa.open-in-view to disable this warning
2021-07-07 16:23:52.513  INFO 40051 --- [    Test worker] o.s.s.web.DefaultSecurityFilterChain     : Will secure any request with [org.springframework.security.web.context.request.async.WebAsyncManagerIntegrationFilter@5b3a561d, org.springframework.security.web.context.SecurityContextPersistenceFilter@6d069765, org.springframework.security.web.header.HeaderWriterFilter@5f847bbd, org.springframework.security.web.authentication.logout.LogoutFilter@48762dd6, org.springframework.security.oauth2.client.web.OAuth2AuthorizationRequestRedirectFilter@26bfc63a, org.springframework.security.oauth2.client.web.OAuth2LoginAuthenticationFilter@3c3deaa2, org.springframework.security.web.authentication.ui.DefaultLoginPageGeneratingFilter@962194f, org.springframework.security.web.authentication.ui.DefaultLogoutPageGeneratingFilter@4d5ae2d5, org.springframework.security.web.savedrequest.RequestCacheAwareFilter@34c585aa, org.springframework.security.web.servletapi.SecurityContextHolderAwareRequestFilter@48e0491c, org.springframework.security.web.authentication.AnonymousAuthenticationFilter@150c6352, org.springframework.security.web.session.SessionManagementFilter@685532d5, org.springframework.security.web.access.ExceptionTranslationFilter@7735d5ea, org.springframework.security.web.access.intercept.FilterSecurityInterceptor@5d3979e6]
2021-07-07 16:23:52.738  INFO 40051 --- [    Test worker] o.s.s.concurrent.ThreadPoolTaskExecutor  : Initializing ExecutorService 'applicationTaskExecutor'
2021-07-07 16:23:52.762  INFO 40051 --- [    Test worker] o.s.b.a.h2.H2ConsoleAutoConfiguration    : H2 console available at '/h2-console'. Database available at 'jdbc:h2:mem:testdb'
2021-07-07 16:23:52.793  INFO 40051 --- [    Test worker] o.s.b.a.w.s.WelcomePageHandlerMapping    : Adding welcome page template: index
2021-07-07 16:23:53.096  INFO 40051 --- [    Test worker] s.a.ScheduledAnnotationBeanPostProcessor : No TaskScheduler/ScheduledExecutorService bean found for scheduled processing
2021-07-07 16:23:53.097  INFO 40051 --- [    Test worker] o.e.s.domain.posts.PostsRepositoryTest   : Started PostsRepositoryTest in 1.723 seconds (JVM running for 13.886)
Hibernate: insert into posts (created_date, modified_date, author, content, title) values (?, ?, ?, ?, ?)
Hibernate: select posts0_.id as id1_0_, posts0_.created_date as created_2_0_, posts0_.modified_date as modified3_0_, posts0_.author as author4_0_, posts0_.content as content5_0_, posts0_.title as title6_0_ from posts posts0_
Hibernate: select posts0_.id as id1_0_, posts0_.created_date as created_2_0_, posts0_.modified_date as modified3_0_, posts0_.author as author4_0_, posts0_.content as content5_0_, posts0_.title as title6_0_ from posts posts0_
Hibernate: delete from posts where id=?
Hibernate: insert into posts (created_date, modified_date, author, content, title) values (?, ?, ?, ?, ?)
Hibernate: select posts0_.id as id1_0_, posts0_.created_date as created_2_0_, posts0_.modified_date as modified3_0_, posts0_.author as author4_0_, posts0_.content as content5_0_, posts0_.title as title6_0_ from posts posts0_
>>>>>>>>> createDate=2021-07-07T16:23:53.128, modifiedDate=2021-07-07T16:23:53.128
Hibernate: select posts0_.id as id1_0_, posts0_.created_date as created_2_0_, posts0_.modified_date as modified3_0_, posts0_.author as author4_0_, posts0_.content as content5_0_, posts0_.title as title6_0_ from posts posts0_
Hibernate: delete from posts where id=?
]]></system-out>
  <system-err><![CDATA[]]></system-err>
</testsuite>
