<?xml version="1.0" encoding="UTF-8"?>
<testsuite name="org.example.springboot.web.HelloControllerTest" tests="2" skipped="0" failures="0" errors="0" timestamp="2021-07-07T07:23:44" hostname="jeon-yonghoui-MacBook-Pro.local" time="0.62">
  <properties/>
  <testcase name="hello가_리턴된다()" classname="org.example.springboot.web.HelloControllerTest" time="0.46"/>
  <testcase name="helloDto가_리턴된다()" classname="org.example.springboot.web.HelloControllerTest" time="0.157"/>
  <system-out><![CDATA[16:23:40.422 [Test worker] DEBUG org.springframework.test.context.BootstrapUtils - Instantiating CacheAwareContextLoaderDelegate from class [org.springframework.test.context.cache.DefaultCacheAwareContextLoaderDelegate]
16:23:40.442 [Test worker] DEBUG org.springframework.test.context.BootstrapUtils - Instantiating BootstrapContext using constructor [public org.springframework.test.context.support.DefaultBootstrapContext(java.lang.Class,org.springframework.test.context.CacheAwareContextLoaderDelegate)]
16:23:40.491 [Test worker] DEBUG org.springframework.test.context.BootstrapUtils - Instantiating TestContextBootstrapper for test class [org.example.springboot.web.HelloControllerTest] from class [org.springframework.boot.test.autoconfigure.web.servlet.WebMvcTestContextBootstrapper]
16:23:40.509 [Test worker] INFO org.springframework.boot.test.autoconfigure.web.servlet.WebMvcTestContextBootstrapper - Neither @ContextConfiguration nor @ContextHierarchy found for test class [org.example.springboot.web.HelloControllerTest], using SpringBootContextLoader
16:23:40.514 [Test worker] DEBUG org.springframework.test.context.support.AbstractContextLoader - Did not detect default resource location for test class [org.example.springboot.web.HelloControllerTest]: class path resource [org/example/springboot/web/HelloControllerTest-context.xml] does not exist
16:23:40.515 [Test worker] DEBUG org.springframework.test.context.support.AbstractContextLoader - Did not detect default resource location for test class [org.example.springboot.web.HelloControllerTest]: class path resource [org/example/springboot/web/HelloControllerTestContext.groovy] does not exist
16:23:40.515 [Test worker] INFO org.springframework.test.context.support.AbstractContextLoader - Could not detect default resource locations for test class [org.example.springboot.web.HelloControllerTest]: no resource found for suffixes {-context.xml, Context.groovy}.
16:23:40.516 [Test worker] INFO org.springframework.test.context.support.AnnotationConfigContextLoaderUtils - Could not detect default configuration classes for test class [org.example.springboot.web.HelloControllerTest]: HelloControllerTest does not declare any static, non-private, non-final, nested classes annotated with @Configuration.
16:23:40.621 [Test worker] DEBUG org.springframework.test.context.support.ActiveProfilesUtils - Could not find an 'annotation declaring class' for annotation type [org.springframework.test.context.ActiveProfiles] and class [org.example.springboot.web.HelloControllerTest]
16:23:40.699 [Test worker] DEBUG org.springframework.context.annotation.ClassPathScanningCandidateComponentProvider - Identified candidate component class: file [/Users/jeon-yongho/Desktop/springboot-webservice/build/classes/java/main/org/example/springboot/Application.class]
16:23:40.700 [Test worker] INFO org.springframework.boot.test.context.SpringBootTestContextBootstrapper - Found @SpringBootConfiguration org.example.springboot.Application for test class org.example.springboot.web.HelloControllerTest
16:23:40.704 [Test worker] DEBUG org.springframework.boot.test.autoconfigure.web.servlet.WebMvcTestContextBootstrapper - @TestExecutionListeners is not present for class [org.example.springboot.web.HelloControllerTest]: using defaults.
16:23:40.705 [Test worker] INFO org.springframework.boot.test.autoconfigure.web.servlet.WebMvcTestContextBootstrapper - Loaded default TestExecutionListener class names from location [META-INF/spring.factories]: [org.springframework.security.test.context.support.WithSecurityContextTestExecutionListener, org.springframework.security.test.context.support.ReactorContextTestExecutionListener, org.springframework.boot.test.autoconfigure.restdocs.RestDocsTestExecutionListener, org.springframework.boot.test.autoconfigure.web.client.MockRestServiceServerResetTestExecutionListener, org.springframework.boot.test.autoconfigure.web.servlet.MockMvcPrintOnlyOnFailureTestExecutionListener, org.springframework.boot.test.autoconfigure.web.servlet.WebDriverTestExecutionListener, org.springframework.boot.test.autoconfigure.webservices.client.MockWebServiceServerTestExecutionListener, org.springframework.boot.test.mock.mockito.MockitoTestExecutionListener, org.springframework.boot.test.mock.mockito.ResetMocksTestExecutionListener, org.springframework.test.context.web.ServletTestExecutionListener, org.springframework.test.context.support.DirtiesContextBeforeModesTestExecutionListener, org.springframework.test.context.support.DependencyInjectionTestExecutionListener, org.springframework.test.context.support.DirtiesContextTestExecutionListener, org.springframework.test.context.transaction.TransactionalTestExecutionListener, org.springframework.test.context.jdbc.SqlScriptsTestExecutionListener, org.springframework.test.context.event.EventPublishingTestExecutionListener]
16:23:40.736 [Test worker] INFO org.springframework.boot.test.autoconfigure.web.servlet.WebMvcTestContextBootstrapper - Using TestExecutionListeners: [org.springframework.test.context.web.ServletTestExecutionListener@40dfdc2f, org.springframework.test.context.support.DirtiesContextBeforeModesTestExecutionListener@64a5bb81, org.springframework.boot.test.mock.mockito.MockitoTestExecutionListener@5c9a89a6, org.springframework.boot.test.autoconfigure.SpringBootDependencyInjectionTestExecutionListener@12d47302, org.springframework.test.context.support.DirtiesContextTestExecutionListener@2cd4ebd3, org.springframework.test.context.transaction.TransactionalTestExecutionListener@6564247b, org.springframework.test.context.jdbc.SqlScriptsTestExecutionListener@6d3b56c8, org.springframework.security.test.context.support.WithSecurityContextTestExecutionListener@5cc6740e, org.springframework.test.context.event.EventPublishingTestExecutionListener@57c79636, org.springframework.security.test.context.support.ReactorContextTestExecutionListener@13442749, org.springframework.boot.test.autoconfigure.restdocs.RestDocsTestExecutionListener@247eaeff, org.springframework.boot.test.autoconfigure.web.client.MockRestServiceServerResetTestExecutionListener@4bf7c87a, org.springframework.boot.test.autoconfigure.web.servlet.MockMvcPrintOnlyOnFailureTestExecutionListener@20ea8114, org.springframework.boot.test.autoconfigure.web.servlet.WebDriverTestExecutionListener@1226842f, org.springframework.boot.test.autoconfigure.webservices.client.MockWebServiceServerTestExecutionListener@43fed9c2, org.springframework.boot.test.mock.mockito.ResetMocksTestExecutionListener@363f6ddf]
16:23:40.740 [Test worker] DEBUG org.springframework.test.context.support.AbstractDirtiesContextTestExecutionListener - Before test class: context [DefaultTestContext@38422f49 testClass = HelloControllerTest, testInstance = [null], testMethod = [null], testException = [null], mergedContextConfiguration = [WebMergedContextConfiguration@454c5216 testClass = HelloControllerTest, locations = '{}', classes = '{class org.example.springboot.Application}', contextInitializerClasses = '[]', activeProfiles = '{}', propertySourceLocations = '{}', propertySourceProperties = '{org.springframework.boot.test.autoconfigure.web.servlet.WebMvcTestContextBootstrapper=true}', contextCustomizers = set[org.springframework.boot.test.autoconfigure.OverrideAutoConfigurationContextCustomizerFactory$DisableAutoConfigurationContextCustomizer@5969b3f6, org.springframework.boot.test.autoconfigure.actuate.metrics.MetricsExportContextCustomizerFactory$DisableMetricExportContextCustomizer@185d51c4, org.springframework.boot.test.autoconfigure.filter.TypeExcludeFiltersContextCustomizer@8e44e870, org.springframework.boot.test.autoconfigure.properties.PropertyMappingContextCustomizer@49470353, org.springframework.boot.test.autoconfigure.web.servlet.WebDriverContextCustomizerFactory$Customizer@e99ddda, [ImportsContextCustomizer@15d5db4d key = [org.springframework.boot.autoconfigure.cache.CacheAutoConfiguration, org.springframework.boot.autoconfigure.context.MessageSourceAutoConfiguration, org.springframework.boot.autoconfigure.data.web.SpringDataWebAutoConfiguration, org.springframework.boot.autoconfigure.freemarker.FreeMarkerAutoConfiguration, org.springframework.boot.autoconfigure.groovy.template.GroovyTemplateAutoConfiguration, org.springframework.boot.autoconfigure.gson.GsonAutoConfiguration, org.springframework.boot.autoconfigure.hateoas.HypermediaAutoConfiguration, org.springframework.boot.autoconfigure.http.HttpMessageConvertersAutoConfiguration, org.springframework.boot.autoconfigure.jackson.JacksonAutoConfiguration, org.springframework.boot.autoconfigure.jsonb.JsonbAutoConfiguration, org.springframework.boot.autoconfigure.mustache.MustacheAutoConfiguration, org.springframework.boot.autoconfigure.task.TaskExecutionAutoConfiguration, org.springframework.boot.autoconfigure.thymeleaf.ThymeleafAutoConfiguration, org.springframework.boot.autoconfigure.validation.ValidationAutoConfiguration, org.springframework.boot.autoconfigure.web.servlet.error.ErrorMvcAutoConfiguration, org.springframework.boot.autoconfigure.web.servlet.HttpEncodingAutoConfiguration, org.springframework.boot.autoconfigure.web.servlet.WebMvcAutoConfiguration, org.springframework.boot.test.autoconfigure.web.servlet.MockMvcAutoConfiguration, org.springframework.boot.test.autoconfigure.web.servlet.MockMvcWebClientAutoConfiguration, org.springframework.boot.test.autoconfigure.web.servlet.MockMvcWebDriverAutoConfiguration, org.springframework.boot.autoconfigure.security.oauth2.client.servlet.OAuth2ClientAutoConfiguration, org.springframework.boot.autoconfigure.security.oauth2.resource.servlet.OAuth2ResourceServerAutoConfiguration, org.springframework.boot.autoconfigure.security.servlet.SecurityAutoConfiguration, org.springframework.boot.autoconfigure.security.servlet.SecurityFilterAutoConfiguration, org.springframework.boot.autoconfigure.security.servlet.UserDetailsServiceAutoConfiguration, org.springframework.boot.test.autoconfigure.web.servlet.MockMvcSecurityConfiguration]], org.springframework.boot.test.context.filter.ExcludeFilterContextCustomizer@2ceeedfb, org.springframework.boot.test.json.DuplicateJsonObjectContextCustomizerFactory$DuplicateJsonObjectContextCustomizer@bc9a627, org.springframework.boot.test.mock.mockito.MockitoContextCustomizer@0, org.springframework.boot.test.context.SpringBootTestArgs@1, org.springframework.boot.test.context.SpringBootTestWebEnvironment@0], resourceBasePath = 'src/main/webapp', contextLoader = 'org.springframework.boot.test.context.SpringBootContextLoader', parent = [null]], attributes = map[[empty]]], class annotated with @DirtiesContext [false] with mode [null].
16:23:40.750 [Test worker] DEBUG org.springframework.test.context.support.DependencyInjectionTestExecutionListener - Performing dependency injection for test context [[DefaultTestContext@38422f49 testClass = HelloControllerTest, testInstance = org.example.springboot.web.HelloControllerTest@1e900a43, testMethod = [null], testException = [null], mergedContextConfiguration = [WebMergedContextConfiguration@454c5216 testClass = HelloControllerTest, locations = '{}', classes = '{class org.example.springboot.Application}', contextInitializerClasses = '[]', activeProfiles = '{}', propertySourceLocations = '{}', propertySourceProperties = '{org.springframework.boot.test.autoconfigure.web.servlet.WebMvcTestContextBootstrapper=true}', contextCustomizers = set[org.springframework.boot.test.autoconfigure.OverrideAutoConfigurationContextCustomizerFactory$DisableAutoConfigurationContextCustomizer@5969b3f6, org.springframework.boot.test.autoconfigure.actuate.metrics.MetricsExportContextCustomizerFactory$DisableMetricExportContextCustomizer@185d51c4, org.springframework.boot.test.autoconfigure.filter.TypeExcludeFiltersContextCustomizer@8e44e870, org.springframework.boot.test.autoconfigure.properties.PropertyMappingContextCustomizer@49470353, org.springframework.boot.test.autoconfigure.web.servlet.WebDriverContextCustomizerFactory$Customizer@e99ddda, [ImportsContextCustomizer@15d5db4d key = [org.springframework.boot.autoconfigure.cache.CacheAutoConfiguration, org.springframework.boot.autoconfigure.context.MessageSourceAutoConfiguration, org.springframework.boot.autoconfigure.data.web.SpringDataWebAutoConfiguration, org.springframework.boot.autoconfigure.freemarker.FreeMarkerAutoConfiguration, org.springframework.boot.autoconfigure.groovy.template.GroovyTemplateAutoConfiguration, org.springframework.boot.autoconfigure.gson.GsonAutoConfiguration, org.springframework.boot.autoconfigure.hateoas.HypermediaAutoConfiguration, org.springframework.boot.autoconfigure.http.HttpMessageConvertersAutoConfiguration, org.springframework.boot.autoconfigure.jackson.JacksonAutoConfiguration, org.springframework.boot.autoconfigure.jsonb.JsonbAutoConfiguration, org.springframework.boot.autoconfigure.mustache.MustacheAutoConfiguration, org.springframework.boot.autoconfigure.task.TaskExecutionAutoConfiguration, org.springframework.boot.autoconfigure.thymeleaf.ThymeleafAutoConfiguration, org.springframework.boot.autoconfigure.validation.ValidationAutoConfiguration, org.springframework.boot.autoconfigure.web.servlet.error.ErrorMvcAutoConfiguration, org.springframework.boot.autoconfigure.web.servlet.HttpEncodingAutoConfiguration, org.springframework.boot.autoconfigure.web.servlet.WebMvcAutoConfiguration, org.springframework.boot.test.autoconfigure.web.servlet.MockMvcAutoConfiguration, org.springframework.boot.test.autoconfigure.web.servlet.MockMvcWebClientAutoConfiguration, org.springframework.boot.test.autoconfigure.web.servlet.MockMvcWebDriverAutoConfiguration, org.springframework.boot.autoconfigure.security.oauth2.client.servlet.OAuth2ClientAutoConfiguration, org.springframework.boot.autoconfigure.security.oauth2.resource.servlet.OAuth2ResourceServerAutoConfiguration, org.springframework.boot.autoconfigure.security.servlet.SecurityAutoConfiguration, org.springframework.boot.autoconfigure.security.servlet.SecurityFilterAutoConfiguration, org.springframework.boot.autoconfigure.security.servlet.UserDetailsServiceAutoConfiguration, org.springframework.boot.test.autoconfigure.web.servlet.MockMvcSecurityConfiguration]], org.springframework.boot.test.context.filter.ExcludeFilterContextCustomizer@2ceeedfb, org.springframework.boot.test.json.DuplicateJsonObjectContextCustomizerFactory$DuplicateJsonObjectContextCustomizer@bc9a627, org.springframework.boot.test.mock.mockito.MockitoContextCustomizer@0, org.springframework.boot.test.context.SpringBootTestArgs@1, org.springframework.boot.test.context.SpringBootTestWebEnvironment@0], resourceBasePath = 'src/main/webapp', contextLoader = 'org.springframework.boot.test.context.SpringBootContextLoader', parent = [null]], attributes = map[[empty]]]].
16:23:40.790 [Test worker] DEBUG org.springframework.test.context.support.TestPropertySourceUtils - Adding inlined properties to environment: {spring.jmx.enabled=false, org.springframework.boot.test.autoconfigure.web.servlet.WebMvcTestContextBootstrapper=true}

  .   ____          _            __ _ _
 /\\ / ___'_ __ _ _(_)_ __  __ _ \ \ \ \
( ( )\___ | '_ | '_| | '_ \/ _` | \ \ \ \
 \\/  ___)| |_)| | | | | || (_| |  ) ) ) )
  '  |____| .__|_| |_|_| |_\__, | / / / /
 =========|_|==============|___/=/_/_/_/
 :: Spring Boot ::                (v2.4.1)

2021-07-07 16:23:41.419  INFO 40051 --- [    Test worker] o.e.springboot.web.HelloControllerTest   : Starting HelloControllerTest using Java 1.8.0_282 on jeon-yonghoui-MacBook-Pro.local with PID 40051 (started by jeon-yongho in /Users/jeon-yongho/Desktop/springboot-webservice)
2021-07-07 16:23:41.422  INFO 40051 --- [    Test worker] o.e.springboot.web.HelloControllerTest   : No active profile set, falling back to default profiles: default
2021-07-07 16:23:43.147  INFO 40051 --- [    Test worker] o.s.s.concurrent.ThreadPoolTaskExecutor  : Initializing ExecutorService 'applicationTaskExecutor'
2021-07-07 16:23:43.304  INFO 40051 --- [    Test worker] o.s.b.a.w.s.WelcomePageHandlerMapping    : Adding welcome page template: index
2021-07-07 16:23:44.066  INFO 40051 --- [    Test worker] o.s.s.web.DefaultSecurityFilterChain     : Will secure any request with [org.springframework.security.web.context.request.async.WebAsyncManagerIntegrationFilter@3b146982, org.springframework.security.web.context.SecurityContextPersistenceFilter@20a71a7e, org.springframework.security.web.header.HeaderWriterFilter@4dea1ae7, org.springframework.security.web.csrf.CsrfFilter@4a1ee868, org.springframework.security.web.authentication.logout.LogoutFilter@34d70838, org.springframework.security.oauth2.client.web.OAuth2AuthorizationRequestRedirectFilter@2f21ee30, org.springframework.security.oauth2.client.web.OAuth2AuthorizationRequestRedirectFilter@545361f7, org.springframework.security.oauth2.client.web.OAuth2LoginAuthenticationFilter@117f74e2, org.springframework.security.web.authentication.ui.DefaultLoginPageGeneratingFilter@15ffbf09, org.springframework.security.web.authentication.ui.DefaultLogoutPageGeneratingFilter@387b6f84, org.springframework.security.web.savedrequest.RequestCacheAwareFilter@508fba9d, org.springframework.security.web.servletapi.SecurityContextHolderAwareRequestFilter@2d00659e, org.springframework.security.web.authentication.AnonymousAuthenticationFilter@5ded8731, org.springframework.security.oauth2.client.web.OAuth2AuthorizationCodeGrantFilter@54962ca6, org.springframework.security.web.session.SessionManagementFilter@599761b5, org.springframework.security.web.access.ExceptionTranslationFilter@55632ec8, org.springframework.security.web.access.intercept.FilterSecurityInterceptor@6733c52f]
2021-07-07 16:23:44.223  INFO 40051 --- [    Test worker] o.s.b.t.m.w.SpringBootMockServletContext : Initializing Spring TestDispatcherServlet ''
2021-07-07 16:23:44.223  INFO 40051 --- [    Test worker] o.s.t.web.servlet.TestDispatcherServlet  : Initializing Servlet ''
2021-07-07 16:23:44.227  INFO 40051 --- [    Test worker] o.s.t.web.servlet.TestDispatcherServlet  : Completed initialization in 3 ms
2021-07-07 16:23:44.265  INFO 40051 --- [    Test worker] o.e.springboot.web.HelloControllerTest   : Started HelloControllerTest in 3.467 seconds (JVM running for 5.055)
]]></system-out>
  <system-err><![CDATA[]]></system-err>
</testsuite>
